{"message":"expected one of `:`, `@`, or `|`, found `,`","code":null,"level":"error","spans":[{"file_name":"exercises/basic-of-rust/src/functions.rs","byte_start":41,"byte_end":42,"line_start":3,"line_end":3,"column_start":9,"column_end":10,"is_primary":true,"text":[{"text":"fn sum(x, y: i32) {","highlight_start":9,"highlight_end":10}],"label":"expected one of `:`, `@`, or `|`","suggested_replacement":null,"suggestion_applicability":null,"expansion":null}],"children":[{"message":"anonymous parameters are removed in the 2018 edition (see RFC 1685)","code":null,"level":"note","spans":[],"children":[],"rendered":null},{"message":"if this is a `self` type, give it a parameter name","code":null,"level":"help","spans":[{"file_name":"exercises/basic-of-rust/src/functions.rs","byte_start":40,"byte_end":40,"line_start":3,"line_end":3,"column_start":8,"column_end":8,"is_primary":true,"text":[{"text":"fn sum(x, y: i32) {","highlight_start":8,"highlight_end":8}],"label":null,"suggested_replacement":"self: ","suggestion_applicability":"MaybeIncorrect","expansion":null}],"children":[],"rendered":null},{"message":"if this is a parameter name, give it a type","code":null,"level":"help","spans":[{"file_name":"exercises/basic-of-rust/src/functions.rs","byte_start":41,"byte_end":41,"line_start":3,"line_end":3,"column_start":9,"column_end":9,"is_primary":true,"text":[{"text":"fn sum(x, y: i32) {","highlight_start":9,"highlight_end":9}],"label":null,"suggested_replacement":": TypeName","suggestion_applicability":"HasPlaceholders","expansion":null}],"children":[],"rendered":null},{"message":"if this is a type, explicitly ignore the parameter name","code":null,"level":"help","spans":[{"file_name":"exercises/basic-of-rust/src/functions.rs","byte_start":40,"byte_end":40,"line_start":3,"line_end":3,"column_start":8,"column_end":8,"is_primary":true,"text":[{"text":"fn sum(x, y: i32) {","highlight_start":8,"highlight_end":8}],"label":null,"suggested_replacement":"_: ","suggestion_applicability":"MachineApplicable","expansion":null}],"children":[],"rendered":null}],"rendered":"\u001b[0m\u001b[1m\u001b[38;5;9merror\u001b[0m\u001b[0m\u001b[1m: expected one of `:`, `@`, or `|`, found `,`\u001b[0m\n\u001b[0m \u001b[0m\u001b[0m\u001b[1m\u001b[38;5;12m--> \u001b[0m\u001b[0mexercises/basic-of-rust/src/functions.rs:3:9\u001b[0m\n\u001b[0m  \u001b[0m\u001b[0m\u001b[1m\u001b[38;5;12m|\u001b[0m\n\u001b[0m\u001b[1m\u001b[38;5;12m3\u001b[0m\u001b[0m \u001b[0m\u001b[0m\u001b[1m\u001b[38;5;12m|\u001b[0m\u001b[0m \u001b[0m\u001b[0mfn sum(x, y: i32) {\u001b[0m\n\u001b[0m  \u001b[0m\u001b[0m\u001b[1m\u001b[38;5;12m| \u001b[0m\u001b[0m        \u001b[0m\u001b[0m\u001b[1m\u001b[38;5;9m^\u001b[0m\u001b[0m \u001b[0m\u001b[0m\u001b[1m\u001b[38;5;9mexpected one of `:`, `@`, or `|`\u001b[0m\n\u001b[0m  \u001b[0m\u001b[0m\u001b[1m\u001b[38;5;12m|\u001b[0m\n\u001b[0m  \u001b[0m\u001b[0m\u001b[1m\u001b[38;5;12m= \u001b[0m\u001b[0m\u001b[1mnote\u001b[0m\u001b[0m: anonymous parameters are removed in the 2018 edition (see RFC 1685)\u001b[0m\n\u001b[0m\u001b[1m\u001b[38;5;14mhelp\u001b[0m\u001b[0m: if this is a `self` type, give it a parameter name\u001b[0m\n\u001b[0m  \u001b[0m\u001b[0m\u001b[1m\u001b[38;5;12m|\u001b[0m\n\u001b[0m\u001b[1m\u001b[38;5;12m3\u001b[0m\u001b[0m \u001b[0m\u001b[0m\u001b[1m\u001b[38;5;12m| \u001b[0m\u001b[0mfn sum(\u001b[0m\u001b[0m\u001b[38;5;10mself: \u001b[0m\u001b[0mx, y: i32) {\u001b[0m\n\u001b[0m  \u001b[0m\u001b[0m\u001b[1m\u001b[38;5;12m|\u001b[0m\u001b[0m        \u001b[0m\u001b[0m\u001b[38;5;10m+++++\u001b[0m\n\u001b[0m\u001b[1m\u001b[38;5;14mhelp\u001b[0m\u001b[0m: if this is a parameter name, give it a type\u001b[0m\n\u001b[0m  \u001b[0m\u001b[0m\u001b[1m\u001b[38;5;12m|\u001b[0m\n\u001b[0m\u001b[1m\u001b[38;5;12m3\u001b[0m\u001b[0m \u001b[0m\u001b[0m\u001b[1m\u001b[38;5;12m| \u001b[0m\u001b[0mfn sum(x\u001b[0m\u001b[0m\u001b[38;5;10m: TypeName\u001b[0m\u001b[0m, y: i32) {\u001b[0m\n\u001b[0m  \u001b[0m\u001b[0m\u001b[1m\u001b[38;5;12m|\u001b[0m\u001b[0m         \u001b[0m\u001b[0m\u001b[38;5;10m++++++++++\u001b[0m\n\u001b[0m\u001b[1m\u001b[38;5;14mhelp\u001b[0m\u001b[0m: if this is a type, explicitly ignore the parameter name\u001b[0m\n\u001b[0m  \u001b[0m\u001b[0m\u001b[1m\u001b[38;5;12m|\u001b[0m\n\u001b[0m\u001b[1m\u001b[38;5;12m3\u001b[0m\u001b[0m \u001b[0m\u001b[0m\u001b[1m\u001b[38;5;12m| \u001b[0m\u001b[0mfn sum(\u001b[0m\u001b[0m\u001b[38;5;10m_: \u001b[0m\u001b[0mx, y: i32) {\u001b[0m\n\u001b[0m  \u001b[0m\u001b[0m\u001b[1m\u001b[38;5;12m|\u001b[0m\u001b[0m        \u001b[0m\u001b[0m\u001b[38;5;10m++\u001b[0m\n\n"}
{"message":"mismatched types","code":{"code":"E0308","explanation":"Expected type did not match the received type.\n\nErroneous code examples:\n\n```compile_fail,E0308\nfn plus_one(x: i32) -> i32 {\n    x + 1\n}\n\nplus_one(\"Not a number\");\n//       ^^^^^^^^^^^^^^ expected `i32`, found `&str`\n\nif \"Not a bool\" {\n// ^^^^^^^^^^^^ expected `bool`, found `&str`\n}\n\nlet x: f32 = \"Not a float\";\n//     ---   ^^^^^^^^^^^^^ expected `f32`, found `&str`\n//     |\n//     expected due to this\n```\n\nThis error occurs when an expression was used in a place where the compiler\nexpected an expression of a different type. It can occur in several cases, the\nmost common being when calling a function and passing an argument which has a\ndifferent type than the matching type in the function declaration.\n"},"level":"error","spans":[{"file_name":"exercises/basic-of-rust/src/conditions.rs","byte_start":591,"byte_end":592,"line_start":26,"line_end":26,"column_start":9,"column_end":10,"is_primary":true,"text":[{"text":"        1","highlight_start":9,"highlight_end":10}],"label":"expected `&str`, found integer","suggested_replacement":null,"suggestion_applicability":null,"expansion":null},{"file_name":"exercises/basic-of-rust/src/conditions.rs","byte_start":522,"byte_end":526,"line_start":22,"line_end":22,"column_start":38,"column_end":42,"is_primary":false,"text":[{"text":"pub fn foo_if_fizz(fizzish: &str) -> &str {","highlight_start":38,"highlight_end":42}],"label":"expected `&str` because of return type","suggested_replacement":null,"suggestion_applicability":null,"expansion":null}],"children":[],"rendered":"\u001b[0m\u001b[1m\u001b[38;5;9merror[E0308]\u001b[0m\u001b[0m\u001b[1m: mismatched types\u001b[0m\n\u001b[0m  \u001b[0m\u001b[0m\u001b[1m\u001b[38;5;12m--> \u001b[0m\u001b[0mexercises/basic-of-rust/src/conditions.rs:26:9\u001b[0m\n\u001b[0m   \u001b[0m\u001b[0m\u001b[1m\u001b[38;5;12m|\u001b[0m\n\u001b[0m\u001b[1m\u001b[38;5;12m22\u001b[0m\u001b[0m \u001b[0m\u001b[0m\u001b[1m\u001b[38;5;12m|\u001b[0m\u001b[0m \u001b[0m\u001b[0mpub fn foo_if_fizz(fizzish: &str) -> &str {\u001b[0m\n\u001b[0m   \u001b[0m\u001b[0m\u001b[1m\u001b[38;5;12m| \u001b[0m\u001b[0m                                     \u001b[0m\u001b[0m\u001b[1m\u001b[38;5;12m----\u001b[0m\u001b[0m \u001b[0m\u001b[0m\u001b[1m\u001b[38;5;12mexpected `&str` because of return type\u001b[0m\n\u001b[0m\u001b[1m\u001b[38;5;12m...\u001b[0m\n\u001b[0m\u001b[1m\u001b[38;5;12m26\u001b[0m\u001b[0m \u001b[0m\u001b[0m\u001b[1m\u001b[38;5;12m|\u001b[0m\u001b[0m \u001b[0m\u001b[0m        1\u001b[0m\n\u001b[0m   \u001b[0m\u001b[0m\u001b[1m\u001b[38;5;12m| \u001b[0m\u001b[0m        \u001b[0m\u001b[0m\u001b[1m\u001b[38;5;9m^\u001b[0m\u001b[0m \u001b[0m\u001b[0m\u001b[1m\u001b[38;5;9mexpected `&str`, found integer\u001b[0m\n\n"}
{"message":"cannot apply unary operator `-` to type `u32`","code":{"code":"E0600","explanation":"An unary operator was used on a type which doesn't implement it.\n\nErroneous code example:\n\n```compile_fail,E0600\nenum Question {\n    Yes,\n    No,\n}\n\n!Question::Yes; // error: cannot apply unary operator `!` to type `Question`\n```\n\nIn this case, `Question` would need to implement the `std::ops::Not` trait in\norder to be able to use `!` on it. Let's implement it:\n\n```\nuse std::ops::Not;\n\nenum Question {\n    Yes,\n    No,\n}\n\n// We implement the `Not` trait on the enum.\nimpl Not for Question {\n    type Output = bool;\n\n    fn not(self) -> bool {\n        match self {\n            Question::Yes => false, // If the `Answer` is `Yes`, then it\n                                    // returns false.\n            Question::No => true, // And here we do the opposite.\n        }\n    }\n}\n\nassert_eq!(!Question::Yes, false);\nassert_eq!(!Question::No, true);\n```\n"},"level":"error","spans":[{"file_name":"exercises/basic-of-rust/src/conditions.rs","byte_start":1555,"byte_end":1557,"line_start":77,"line_end":77,"column_start":35,"column_end":37,"is_primary":true,"text":[{"text":"        let result = check_number(-5);","highlight_start":35,"highlight_end":37}],"label":"cannot apply unary operator `-`","suggested_replacement":null,"suggestion_applicability":null,"expansion":null}],"children":[{"message":"unsigned values cannot be negated","code":null,"level":"note","spans":[],"children":[],"rendered":null}],"rendered":"\u001b[0m\u001b[1m\u001b[38;5;9merror[E0600]\u001b[0m\u001b[0m\u001b[1m: cannot apply unary operator `-` to type `u32`\u001b[0m\n\u001b[0m  \u001b[0m\u001b[0m\u001b[1m\u001b[38;5;12m--> \u001b[0m\u001b[0mexercises/basic-of-rust/src/conditions.rs:77:35\u001b[0m\n\u001b[0m   \u001b[0m\u001b[0m\u001b[1m\u001b[38;5;12m|\u001b[0m\n\u001b[0m\u001b[1m\u001b[38;5;12m77\u001b[0m\u001b[0m \u001b[0m\u001b[0m\u001b[1m\u001b[38;5;12m|\u001b[0m\u001b[0m \u001b[0m\u001b[0m        let result = check_number(-5);\u001b[0m\n\u001b[0m   \u001b[0m\u001b[0m\u001b[1m\u001b[38;5;12m| \u001b[0m\u001b[0m                                  \u001b[0m\u001b[0m\u001b[1m\u001b[38;5;9m^^\u001b[0m\u001b[0m \u001b[0m\u001b[0m\u001b[1m\u001b[38;5;9mcannot apply unary operator `-`\u001b[0m\n\u001b[0m   \u001b[0m\u001b[0m\u001b[1m\u001b[38;5;12m|\u001b[0m\n\u001b[0m   \u001b[0m\u001b[0m\u001b[1m\u001b[38;5;12m= \u001b[0m\u001b[0m\u001b[1mnote\u001b[0m\u001b[0m: unsigned values cannot be negated\u001b[0m\n\n"}
{"message":"mismatched types","code":{"code":"E0308","explanation":"Expected type did not match the received type.\n\nErroneous code examples:\n\n```compile_fail,E0308\nfn plus_one(x: i32) -> i32 {\n    x + 1\n}\n\nplus_one(\"Not a number\");\n//       ^^^^^^^^^^^^^^ expected `i32`, found `&str`\n\nif \"Not a bool\" {\n// ^^^^^^^^^^^^ expected `bool`, found `&str`\n}\n\nlet x: f32 = \"Not a float\";\n//     ---   ^^^^^^^^^^^^^ expected `f32`, found `&str`\n//     |\n//     expected due to this\n```\n\nThis error occurs when an expression was used in a place where the compiler\nexpected an expression of a different type. It can occur in several cases, the\nmost common being when calling a function and passing an argument which has a\ndifferent type than the matching type in the function declaration.\n"},"level":"error","spans":[{"file_name":"exercises/basic-of-rust/src/strings.rs","byte_start":232,"byte_end":240,"line_start":12,"line_end":12,"column_start":12,"column_end":20,"is_primary":true,"text":[{"text":"    s.push(\" world\");","highlight_start":12,"highlight_end":20}],"label":"expected `char`, found `&str`","suggested_replacement":null,"suggestion_applicability":null,"expansion":null},{"file_name":"exercises/basic-of-rust/src/strings.rs","byte_start":227,"byte_end":231,"line_start":12,"line_end":12,"column_start":7,"column_end":11,"is_primary":false,"text":[{"text":"    s.push(\" world\");","highlight_start":7,"highlight_end":11}],"label":"arguments to this method are incorrect","suggested_replacement":null,"suggestion_applicability":null,"expansion":null}],"children":[{"message":"associated function defined here","code":null,"level":"note","spans":[{"file_name":"/Users/alexsong3/.rustup/toolchains/1.68.0-aarch64-apple-darwin/lib/rustlib/src/rust/library/alloc/src/string.rs","byte_start":39323,"byte_end":39327,"line_start":1223,"line_end":1223,"column_start":12,"column_end":16,"is_primary":true,"text":[{"text":"    pub fn push(&mut self, ch: char) {","highlight_start":12,"highlight_end":16}],"label":null,"suggested_replacement":null,"suggestion_applicability":null,"expansion":null}],"children":[],"rendered":null}],"rendered":"\u001b[0m\u001b[1m\u001b[38;5;9merror[E0308]\u001b[0m\u001b[0m\u001b[1m: mismatched types\u001b[0m\n\u001b[0m    \u001b[0m\u001b[0m\u001b[1m\u001b[38;5;12m--> \u001b[0m\u001b[0mexercises/basic-of-rust/src/strings.rs:12:12\u001b[0m\n\u001b[0m     \u001b[0m\u001b[0m\u001b[1m\u001b[38;5;12m|\u001b[0m\n\u001b[0m\u001b[1m\u001b[38;5;12m12\u001b[0m\u001b[0m   \u001b[0m\u001b[0m\u001b[1m\u001b[38;5;12m|\u001b[0m\u001b[0m \u001b[0m\u001b[0m    s.push(\" world\");\u001b[0m\n\u001b[0m     \u001b[0m\u001b[0m\u001b[1m\u001b[38;5;12m| \u001b[0m\u001b[0m      \u001b[0m\u001b[0m\u001b[1m\u001b[38;5;12m----\u001b[0m\u001b[0m \u001b[0m\u001b[0m\u001b[1m\u001b[38;5;9m^^^^^^^^\u001b[0m\u001b[0m \u001b[0m\u001b[0m\u001b[1m\u001b[38;5;9mexpected `char`, found `&str`\u001b[0m\n\u001b[0m     \u001b[0m\u001b[0m\u001b[1m\u001b[38;5;12m| \u001b[0m\u001b[0m      \u001b[0m\u001b[0m\u001b[1m\u001b[38;5;12m|\u001b[0m\n\u001b[0m     \u001b[0m\u001b[0m\u001b[1m\u001b[38;5;12m| \u001b[0m\u001b[0m      \u001b[0m\u001b[0m\u001b[1m\u001b[38;5;12marguments to this method are incorrect\u001b[0m\n\u001b[0m     \u001b[0m\u001b[0m\u001b[1m\u001b[38;5;12m|\u001b[0m\n\u001b[0m\u001b[1m\u001b[38;5;10mnote\u001b[0m\u001b[0m: associated function defined here\u001b[0m\n\u001b[0m    \u001b[0m\u001b[0m\u001b[1m\u001b[38;5;12m--> \u001b[0m\u001b[0m/Users/alexsong3/.rustup/toolchains/1.68.0-aarch64-apple-darwin/lib/rustlib/src/rust/library/alloc/src/string.rs:1223:12\u001b[0m\n\u001b[0m     \u001b[0m\u001b[0m\u001b[1m\u001b[38;5;12m|\u001b[0m\n\u001b[0m\u001b[1m\u001b[38;5;12m1223\u001b[0m\u001b[0m \u001b[0m\u001b[0m\u001b[1m\u001b[38;5;12m|\u001b[0m\u001b[0m \u001b[0m\u001b[0m    pub fn push(&mut self, ch: char) {\u001b[0m\n\u001b[0m     \u001b[0m\u001b[0m\u001b[1m\u001b[38;5;12m| \u001b[0m\u001b[0m           \u001b[0m\u001b[0m\u001b[1m\u001b[38;5;10m^^^^\u001b[0m\n\n"}
{"message":"mismatched types","code":{"code":"E0308","explanation":"Expected type did not match the received type.\n\nErroneous code examples:\n\n```compile_fail,E0308\nfn plus_one(x: i32) -> i32 {\n    x + 1\n}\n\nplus_one(\"Not a number\");\n//       ^^^^^^^^^^^^^^ expected `i32`, found `&str`\n\nif \"Not a bool\" {\n// ^^^^^^^^^^^^ expected `bool`, found `&str`\n}\n\nlet x: f32 = \"Not a float\";\n//     ---   ^^^^^^^^^^^^^ expected `f32`, found `&str`\n//     |\n//     expected due to this\n```\n\nThis error occurs when an expression was used in a place where the compiler\nexpected an expression of a different type. It can occur in several cases, the\nmost common being when calling a function and passing an argument which has a\ndifferent type than the matching type in the function declaration.\n"},"level":"error","spans":[{"file_name":"exercises/basic-of-rust/src/strings.rs","byte_start":252,"byte_end":267,"line_start":13,"line_end":13,"column_start":10,"column_end":25,"is_primary":true,"text":[{"text":"    s += \"!\".to_string();","highlight_start":10,"highlight_end":25}],"label":"expected `&str`, found struct `String`","suggested_replacement":null,"suggestion_applicability":null,"expansion":null}],"children":[{"message":"try removing the method call","code":null,"level":"help","spans":[{"file_name":"exercises/basic-of-rust/src/strings.rs","byte_start":255,"byte_end":267,"line_start":13,"line_end":13,"column_start":13,"column_end":25,"is_primary":true,"text":[{"text":"    s += \"!\".to_string();","highlight_start":13,"highlight_end":25}],"label":null,"suggested_replacement":"","suggestion_applicability":"MachineApplicable","expansion":null}],"children":[],"rendered":null}],"rendered":"\u001b[0m\u001b[1m\u001b[38;5;9merror[E0308]\u001b[0m\u001b[0m\u001b[1m: mismatched types\u001b[0m\n\u001b[0m  \u001b[0m\u001b[0m\u001b[1m\u001b[38;5;12m--> \u001b[0m\u001b[0mexercises/basic-of-rust/src/strings.rs:13:10\u001b[0m\n\u001b[0m   \u001b[0m\u001b[0m\u001b[1m\u001b[38;5;12m|\u001b[0m\n\u001b[0m\u001b[1m\u001b[38;5;12m13\u001b[0m\u001b[0m \u001b[0m\u001b[0m\u001b[1m\u001b[38;5;12m|\u001b[0m\u001b[0m \u001b[0m\u001b[0m    s += \"!\".to_string();\u001b[0m\n\u001b[0m   \u001b[0m\u001b[0m\u001b[1m\u001b[38;5;12m| \u001b[0m\u001b[0m         \u001b[0m\u001b[0m\u001b[1m\u001b[38;5;9m^^^^^^^^^^^^^^^\u001b[0m\u001b[0m \u001b[0m\u001b[0m\u001b[1m\u001b[38;5;9mexpected `&str`, found struct `String`\u001b[0m\n\u001b[0m   \u001b[0m\u001b[0m\u001b[1m\u001b[38;5;12m|\u001b[0m\n\u001b[0m\u001b[1m\u001b[38;5;14mhelp\u001b[0m\u001b[0m: try removing the method call\u001b[0m\n\u001b[0m   \u001b[0m\u001b[0m\u001b[1m\u001b[38;5;12m|\u001b[0m\n\u001b[0m\u001b[1m\u001b[38;5;12m13\u001b[0m\u001b[0m \u001b[0m\u001b[0m\u001b[38;5;9m- \u001b[0m\u001b[0m    s += \"!\"\u001b[0m\u001b[0m\u001b[38;5;9m.to_string()\u001b[0m\u001b[0m;\u001b[0m\n\u001b[0m\u001b[1m\u001b[38;5;12m13\u001b[0m\u001b[0m \u001b[0m\u001b[0m\u001b[38;5;10m+ \u001b[0m\u001b[0m    s += \"!\";\u001b[0m\n\u001b[0m   \u001b[0m\u001b[0m\u001b[1m\u001b[38;5;12m|\u001b[0m\n\n"}
{"message":"mismatched types","code":{"code":"E0308","explanation":"Expected type did not match the received type.\n\nErroneous code examples:\n\n```compile_fail,E0308\nfn plus_one(x: i32) -> i32 {\n    x + 1\n}\n\nplus_one(\"Not a number\");\n//       ^^^^^^^^^^^^^^ expected `i32`, found `&str`\n\nif \"Not a bool\" {\n// ^^^^^^^^^^^^ expected `bool`, found `&str`\n}\n\nlet x: f32 = \"Not a float\";\n//     ---   ^^^^^^^^^^^^^ expected `f32`, found `&str`\n//     |\n//     expected due to this\n```\n\nThis error occurs when an expression was used in a place where the compiler\nexpected an expression of a different type. It can occur in several cases, the\nmost common being when calling a function and passing an argument which has a\ndifferent type than the matching type in the function declaration.\n"},"level":"error","spans":[{"file_name":"exercises/basic-of-rust/src/strings.rs","byte_start":450,"byte_end":452,"line_start":21,"line_end":21,"column_start":19,"column_end":21,"is_primary":true,"text":[{"text":"    let s3 = s1 + s2;","highlight_start":19,"highlight_end":21}],"label":"expected `&str`, found struct `String`","suggested_replacement":null,"suggestion_applicability":null,"expansion":null}],"children":[{"message":"consider borrowing here","code":null,"level":"help","spans":[{"file_name":"exercises/basic-of-rust/src/strings.rs","byte_start":450,"byte_end":452,"line_start":21,"line_end":21,"column_start":19,"column_end":21,"is_primary":true,"text":[{"text":"    let s3 = s1 + s2;","highlight_start":19,"highlight_end":21}],"label":null,"suggested_replacement":"&s2","suggestion_applicability":"MachineApplicable","expansion":null}],"children":[],"rendered":null}],"rendered":"\u001b[0m\u001b[1m\u001b[38;5;9merror[E0308]\u001b[0m\u001b[0m\u001b[1m: mismatched types\u001b[0m\n\u001b[0m  \u001b[0m\u001b[0m\u001b[1m\u001b[38;5;12m--> \u001b[0m\u001b[0mexercises/basic-of-rust/src/strings.rs:21:19\u001b[0m\n\u001b[0m   \u001b[0m\u001b[0m\u001b[1m\u001b[38;5;12m|\u001b[0m\n\u001b[0m\u001b[1m\u001b[38;5;12m21\u001b[0m\u001b[0m \u001b[0m\u001b[0m\u001b[1m\u001b[38;5;12m|\u001b[0m\u001b[0m \u001b[0m\u001b[0m    let s3 = s1 + s2;\u001b[0m\n\u001b[0m   \u001b[0m\u001b[0m\u001b[1m\u001b[38;5;12m| \u001b[0m\u001b[0m                  \u001b[0m\u001b[0m\u001b[1m\u001b[38;5;9m^^\u001b[0m\n\u001b[0m   \u001b[0m\u001b[0m\u001b[1m\u001b[38;5;12m| \u001b[0m\u001b[0m                  \u001b[0m\u001b[0m\u001b[1m\u001b[38;5;9m|\u001b[0m\n\u001b[0m   \u001b[0m\u001b[0m\u001b[1m\u001b[38;5;12m| \u001b[0m\u001b[0m                  \u001b[0m\u001b[0m\u001b[1m\u001b[38;5;9mexpected `&str`, found struct `String`\u001b[0m\n\u001b[0m   \u001b[0m\u001b[0m\u001b[1m\u001b[38;5;12m| \u001b[0m\u001b[0m                  \u001b[0m\u001b[0m\u001b[1m\u001b[38;5;9mhelp: consider borrowing here: `&s2`\u001b[0m\n\n"}
{"message":"mismatched types","code":{"code":"E0308","explanation":"Expected type did not match the received type.\n\nErroneous code examples:\n\n```compile_fail,E0308\nfn plus_one(x: i32) -> i32 {\n    x + 1\n}\n\nplus_one(\"Not a number\");\n//       ^^^^^^^^^^^^^^ expected `i32`, found `&str`\n\nif \"Not a bool\" {\n// ^^^^^^^^^^^^ expected `bool`, found `&str`\n}\n\nlet x: f32 = \"Not a float\";\n//     ---   ^^^^^^^^^^^^^ expected `f32`, found `&str`\n//     |\n//     expected due to this\n```\n\nThis error occurs when an expression was used in a place where the compiler\nexpected an expression of a different type. It can occur in several cases, the\nmost common being when calling a function and passing an argument which has a\ndifferent type than the matching type in the function declaration.\n"},"level":"error","spans":[{"file_name":"/Users/alexsong3/.rustup/toolchains/1.68.0-aarch64-apple-darwin/lib/rustlib/src/rust/library/core/src/macros/mod.rs","byte_start":1238,"byte_end":1248,"line_start":40,"line_end":40,"column_start":35,"column_end":45,"is_primary":true,"text":[{"text":"                if !(*left_val == *right_val) {","highlight_start":35,"highlight_end":45}],"label":"expected `()`, found integer","suggested_replacement":null,"suggestion_applicability":null,"expansion":{"span":{"file_name":"exercises/basic-of-rust/src/functions.rs","byte_start":868,"byte_end":884,"line_start":42,"line_end":42,"column_start":9,"column_end":25,"is_primary":false,"text":[{"text":"        assert_eq!(s, 3);","highlight_start":9,"highlight_end":25}],"label":null,"suggested_replacement":null,"suggestion_applicability":null,"expansion":null},"macro_decl_name":"assert_eq!","def_site_span":{"file_name":"/Users/alexsong3/.rustup/toolchains/1.68.0-aarch64-apple-darwin/lib/rustlib/src/rust/library/core/src/macros/mod.rs","byte_start":1065,"byte_end":1087,"line_start":36,"line_end":36,"column_start":1,"column_end":23,"is_primary":false,"text":[{"text":"macro_rules! assert_eq {","highlight_start":1,"highlight_end":23}],"label":null,"suggested_replacement":null,"suggestion_applicability":null,"expansion":null}}},{"file_name":"/Users/alexsong3/.rustup/toolchains/1.68.0-aarch64-apple-darwin/lib/rustlib/src/rust/library/core/src/macros/mod.rs","byte_start":1225,"byte_end":1234,"line_start":40,"line_end":40,"column_start":22,"column_end":31,"is_primary":false,"text":[{"text":"                if !(*left_val == *right_val) {","highlight_start":22,"highlight_end":31}],"label":"expected because this is `()`","suggested_replacement":null,"suggestion_applicability":null,"expansion":{"span":{"file_name":"exercises/basic-of-rust/src/functions.rs","byte_start":868,"byte_end":884,"line_start":42,"line_end":42,"column_start":9,"column_end":25,"is_primary":false,"text":[{"text":"        assert_eq!(s, 3);","highlight_start":9,"highlight_end":25}],"label":null,"suggested_replacement":null,"suggestion_applicability":null,"expansion":null},"macro_decl_name":"assert_eq!","def_site_span":{"file_name":"/Users/alexsong3/.rustup/toolchains/1.68.0-aarch64-apple-darwin/lib/rustlib/src/rust/library/core/src/macros/mod.rs","byte_start":1065,"byte_end":1087,"line_start":36,"line_end":36,"column_start":1,"column_end":23,"is_primary":false,"text":[{"text":"macro_rules! assert_eq {","highlight_start":1,"highlight_end":23}],"label":null,"suggested_replacement":null,"suggestion_applicability":null,"expansion":null}}}],"children":[],"rendered":"\u001b[0m\u001b[1m\u001b[38;5;9merror[E0308]\u001b[0m\u001b[0m\u001b[1m: mismatched types\u001b[0m\n\u001b[0m  \u001b[0m\u001b[0m\u001b[1m\u001b[38;5;12m--> \u001b[0m\u001b[0mexercises/basic-of-rust/src/functions.rs:42:9\u001b[0m\n\u001b[0m   \u001b[0m\u001b[0m\u001b[1m\u001b[38;5;12m|\u001b[0m\n\u001b[0m\u001b[1m\u001b[38;5;12m42\u001b[0m\u001b[0m \u001b[0m\u001b[0m\u001b[1m\u001b[38;5;12m|\u001b[0m\u001b[0m \u001b[0m\u001b[0m        assert_eq!(s, 3);\u001b[0m\n\u001b[0m   \u001b[0m\u001b[0m\u001b[1m\u001b[38;5;12m| \u001b[0m\u001b[0m        \u001b[0m\u001b[0m\u001b[1m\u001b[38;5;9m^^^^^^^^^^^^^^^^\u001b[0m\n\u001b[0m   \u001b[0m\u001b[0m\u001b[1m\u001b[38;5;12m| \u001b[0m\u001b[0m        \u001b[0m\u001b[0m\u001b[1m\u001b[38;5;9m|\u001b[0m\n\u001b[0m   \u001b[0m\u001b[0m\u001b[1m\u001b[38;5;12m| \u001b[0m\u001b[0m        \u001b[0m\u001b[0m\u001b[1m\u001b[38;5;9mexpected `()`, found integer\u001b[0m\n\u001b[0m   \u001b[0m\u001b[0m\u001b[1m\u001b[38;5;12m| \u001b[0m\u001b[0m        \u001b[0m\u001b[0m\u001b[1m\u001b[38;5;9mexpected because this is `()`\u001b[0m\n\u001b[0m   \u001b[0m\u001b[0m\u001b[1m\u001b[38;5;12m|\u001b[0m\n\u001b[0m   \u001b[0m\u001b[0m\u001b[1m\u001b[38;5;12m= \u001b[0m\u001b[0m\u001b[1mnote\u001b[0m\u001b[0m: this error originates in the macro `assert_eq` (in Nightly builds, run with -Z macro-backtrace for more info)\u001b[0m\n\n"}
{"message":"aborting due to 7 previous errors","code":null,"level":"error","spans":[],"children":[],"rendered":"\u001b[0m\u001b[1m\u001b[38;5;9merror\u001b[0m\u001b[0m\u001b[1m: aborting due to 7 previous errors\u001b[0m\n\n"}
{"message":"Some errors have detailed explanations: E0308, E0600.","code":null,"level":"failure-note","spans":[],"children":[],"rendered":"\u001b[0m\u001b[1mSome errors have detailed explanations: E0308, E0600.\u001b[0m\n"}
{"message":"For more information about an error, try `rustc --explain E0308`.","code":null,"level":"failure-note","spans":[],"children":[],"rendered":"\u001b[0m\u001b[1mFor more information about an error, try `rustc --explain E0308`.\u001b[0m\n"}
